2025-03-22 18:49:49,350 - INFO - Connecting to STAC catalog...
2025-03-22 18:49:49,636 - INFO - Searching for Sentinel-2 data between 2024-01-01 and 2024-12-31...
2025-03-22 18:49:50,191 - INFO -   Processing B01 (coastal)...
2025-03-22 18:49:55,462 - INFO -   Processing B02 (blue)...
2025-03-22 18:51:32,051 - INFO -   Processing B03 (green)...
2025-03-22 18:52:39,429 - INFO -   Processing B04 (red)...
2025-03-22 18:53:44,838 - INFO -   Processing B05 (rededge1)...
2025-03-22 18:54:00,916 - INFO -   Processing B06 (rededge2)...
2025-03-22 18:54:18,419 - INFO -   Processing B07 (rededge3)...
2025-03-22 18:54:36,375 - INFO -   Processing B08 (nir)...
2025-03-22 18:55:52,469 - INFO -   Processing B8A (narrow_nir)...
2025-03-22 18:56:09,423 - INFO -   Processing B09 (water_vapor)...
2025-03-22 18:56:11,918 - INFO -   Processing B11 (swir1)...
2025-03-22 18:56:28,167 - INFO -   Processing B12 (swir2)...
2025-03-22 18:56:45,985 - INFO -   Processing SCL (scene_classification)...
2025-03-22 18:56:50,356 - INFO -   Summary for S2B_MSIL2A_20241013T080809_R078_T35MQU_20241013T104457:
2025-03-22 18:56:50,358 - INFO -     - Already processed: 0 bands
2025-03-22 18:56:50,360 - INFO -     - Successfully processed: 13 bands
2025-03-22 18:56:50,361 - INFO -     - Failed: 0 bands
2025-03-22 18:56:50,369 - INFO -   Processing B01 (coastal)...
2025-03-22 18:56:52,514 - INFO -   Processing B02 (blue)...
2025-03-22 18:57:49,238 - INFO -   Processing B03 (green)...
2025-03-22 18:58:53,468 - INFO -   Processing B04 (red)...
2025-03-22 18:59:59,443 - INFO -   Processing B05 (rededge1)...
2025-03-22 19:00:15,025 - INFO -   Processing B06 (rededge2)...
2025-03-22 19:00:30,973 - INFO -   Processing B07 (rededge3)...
2025-03-22 19:00:47,342 - INFO -   Processing B08 (nir)...
2025-03-22 19:01:55,063 - INFO -   Processing B8A (narrow_nir)...
2025-03-22 19:02:14,421 - INFO -   Processing B09 (water_vapor)...
2025-03-22 19:02:16,788 - INFO -   Processing B11 (swir1)...
2025-03-22 19:02:33,580 - INFO -   Processing B12 (swir2)...
2025-03-22 19:02:49,078 - INFO -   Processing SCL (scene_classification)...
2025-03-22 19:02:55,015 - INFO -   Summary for S2B_MSIL2A_20240903T080609_R078_T35MRU_20240903T113513:
2025-03-22 19:02:55,016 - INFO -     - Already processed: 0 bands
2025-03-22 19:02:55,018 - INFO -     - Successfully processed: 13 bands
2025-03-22 19:02:55,020 - INFO -     - Failed: 0 bands
2025-03-22 19:02:55,029 - INFO -   Processing B01 (coastal)...
2025-03-22 19:02:57,608 - INFO -   Processing B02 (blue)...
2025-03-22 19:03:56,783 - INFO -   Processing B03 (green)...
2025-03-22 19:04:56,349 - INFO -   Processing B04 (red)...
2025-03-22 19:05:57,784 - INFO -   Processing B05 (rededge1)...
2025-03-22 19:06:13,029 - INFO -   Processing B06 (rededge2)...
2025-03-22 19:06:30,954 - INFO -   Processing B07 (rededge3)...
2025-03-22 19:06:47,801 - INFO -   Processing B08 (nir)...
2025-03-22 19:07:50,930 - INFO -   Processing B8A (narrow_nir)...
2025-03-22 19:08:08,879 - INFO -   Processing B09 (water_vapor)...
2025-03-22 19:08:11,530 - INFO -   Processing B11 (swir1)...
2025-03-22 19:08:27,459 - INFO -   Processing B12 (swir2)...
2025-03-22 19:08:43,354 - INFO -   Processing SCL (scene_classification)...
2025-03-22 19:08:48,078 - INFO -   Summary for S2B_MSIL2A_20240903T080609_R078_T35MQU_20240903T113513:
2025-03-22 19:08:48,079 - INFO -     - Already processed: 0 bands
2025-03-22 19:08:48,081 - INFO -     - Successfully processed: 13 bands
2025-03-22 19:08:48,083 - INFO -     - Failed: 0 bands
2025-03-22 19:08:48,091 - INFO -   Processing B01 (coastal)...
2025-03-22 19:08:50,623 - INFO -   Processing B02 (blue)...
2025-03-22 19:09:54,059 - INFO -   Processing B03 (green)...
2025-03-22 19:10:58,867 - INFO -   Processing B04 (red)...
2025-03-22 19:12:12,379 - INFO -   Processing B05 (rededge1)...
2025-03-22 19:12:30,090 - INFO -   Processing B06 (rededge2)...
2025-03-22 19:12:49,067 - INFO -   Processing B07 (rededge3)...
2025-03-22 19:13:08,128 - INFO -   Processing B08 (nir)...
2025-03-22 19:14:18,135 - INFO -   Processing B8A (narrow_nir)...
2025-03-22 19:14:37,713 - INFO -   Processing B09 (water_vapor)...
2025-03-22 19:14:40,429 - INFO -   Processing B11 (swir1)...
2025-03-22 19:14:55,624 - INFO -   Processing B12 (swir2)...
2025-03-22 19:15:12,545 - INFO -   Processing SCL (scene_classification)...
2025-03-22 19:15:17,225 - INFO -   Summary for S2A_MSIL2A_20240819T080611_R078_T35MQU_20240819T130750:
2025-03-22 19:15:17,226 - INFO -     - Already processed: 0 bands
2025-03-22 19:15:17,229 - INFO -     - Successfully processed: 13 bands
2025-03-22 19:15:17,230 - INFO -     - Failed: 0 bands
2025-03-22 19:15:17,242 - INFO -   Processing B01 (coastal)...
2025-03-22 19:15:19,381 - INFO -   Processing B02 (blue)...
2025-03-22 19:16:31,063 - INFO -   Processing B03 (green)...
2025-03-22 19:17:48,710 - INFO -   Processing B04 (red)...
2025-03-22 19:19:00,170 - INFO -   Processing B05 (rededge1)...
2025-03-22 19:19:19,354 - INFO -   Processing B06 (rededge2)...
2025-03-22 19:19:34,830 - INFO -   Processing B07 (rededge3)...
2025-03-22 19:19:50,415 - INFO -   Processing B08 (nir)...
2025-03-22 19:20:57,195 - INFO -   Processing B8A (narrow_nir)...
2025-03-22 19:21:15,898 - INFO -   Processing B09 (water_vapor)...
2025-03-22 19:21:18,519 - INFO -   Processing B11 (swir1)...
2025-03-22 19:21:36,174 - INFO -   Processing B12 (swir2)...
2025-03-22 19:21:54,267 - INFO -   Processing SCL (scene_classification)...
2025-03-22 19:22:00,929 - INFO -   Summary for S2B_MSIL2A_20240804T080609_R078_T35MRU_20240804T111459:
2025-03-22 19:22:00,931 - INFO -     - Already processed: 0 bands
2025-03-22 19:22:00,932 - INFO -     - Successfully processed: 13 bands
2025-03-22 19:22:00,934 - INFO -     - Failed: 0 bands
2025-03-22 19:22:00,948 - INFO -   Processing B01 (coastal)...
2025-03-22 19:22:03,756 - INFO -   Processing B02 (blue)...
2025-03-22 19:23:02,554 - INFO -   Processing B03 (green)...
2025-03-22 19:24:06,265 - INFO -   Processing B04 (red)...
2025-03-22 19:25:05,132 - INFO -   Processing B05 (rededge1)...
2025-03-22 19:25:20,865 - INFO -   Processing B06 (rededge2)...
2025-03-22 19:25:35,417 - INFO -   Processing B07 (rededge3)...
2025-03-22 19:25:49,761 - INFO -   Processing B08 (nir)...
2025-03-22 19:26:52,034 - INFO -   Processing B8A (narrow_nir)...
2025-03-22 19:27:07,812 - INFO -   Processing B09 (water_vapor)...
2025-03-22 19:27:10,452 - INFO -   Processing B11 (swir1)...
2025-03-22 19:27:25,490 - INFO -   Processing B12 (swir2)...
2025-03-22 19:27:39,241 - INFO -   Processing SCL (scene_classification)...
2025-03-22 19:27:43,754 - INFO -   Summary for S2B_MSIL2A_20240804T080609_R078_T35MQU_20240804T111459:
2025-03-22 19:27:43,760 - INFO -     - Already processed: 0 bands
2025-03-22 19:27:43,764 - INFO -     - Successfully processed: 13 bands
2025-03-22 19:27:43,768 - INFO -     - Failed: 0 bands
2025-03-22 19:27:43,783 - INFO -   Processing B01 (coastal)...
2025-03-22 19:27:46,333 - INFO -   Processing B02 (blue)...
